

Started GET "/" for 127.0.0.1 at 2016-01-17 11:43:04 +0530

ActiveRecord::NoDatabaseError (Unknown database 'car-model_development'):
  activerecord (4.2.5) lib/active_record/connection_adapters/mysql2_adapter.rb:23:in `rescue in mysql2_connection'
  activerecord (4.2.5) lib/active_record/connection_adapters/mysql2_adapter.rb:10:in `mysql2_connection'
  activerecord (4.2.5) lib/active_record/connection_adapters/abstract/connection_pool.rb:438:in `new_connection'
  activerecord (4.2.5) lib/active_record/connection_adapters/abstract/connection_pool.rb:448:in `checkout_new_connection'
  activerecord (4.2.5) lib/active_record/connection_adapters/abstract/connection_pool.rb:422:in `acquire_connection'
  activerecord (4.2.5) lib/active_record/connection_adapters/abstract/connection_pool.rb:349:in `block in checkout'
  /home/nitya/.rvm/rubies/ruby-2.2.3/lib/ruby/2.2.0/monitor.rb:211:in `mon_synchronize'
  activerecord (4.2.5) lib/active_record/connection_adapters/abstract/connection_pool.rb:348:in `checkout'
  activerecord (4.2.5) lib/active_record/connection_adapters/abstract/connection_pool.rb:263:in `block in connection'
  /home/nitya/.rvm/rubies/ruby-2.2.3/lib/ruby/2.2.0/monitor.rb:211:in `mon_synchronize'
  activerecord (4.2.5) lib/active_record/connection_adapters/abstract/connection_pool.rb:262:in `connection'
  activerecord (4.2.5) lib/active_record/connection_adapters/abstract/connection_pool.rb:571:in `retrieve_connection'
  activerecord (4.2.5) lib/active_record/connection_handling.rb:113:in `retrieve_connection'
  activerecord (4.2.5) lib/active_record/connection_handling.rb:87:in `connection'
  activerecord (4.2.5) lib/active_record/migration.rb:383:in `connection'
  activerecord (4.2.5) lib/active_record/migration.rb:370:in `call'
  actionpack (4.2.5) lib/action_dispatch/middleware/callbacks.rb:29:in `block in call'
  activesupport (4.2.5) lib/active_support/callbacks.rb:88:in `__run_callbacks__'
  activesupport (4.2.5) lib/active_support/callbacks.rb:778:in `_run_call_callbacks'
  activesupport (4.2.5) lib/active_support/callbacks.rb:81:in `run_callbacks'
  actionpack (4.2.5) lib/action_dispatch/middleware/callbacks.rb:27:in `call'
  actionpack (4.2.5) lib/action_dispatch/middleware/reloader.rb:73:in `call'
  actionpack (4.2.5) lib/action_dispatch/middleware/remote_ip.rb:78:in `call'
  actionpack (4.2.5) lib/action_dispatch/middleware/debug_exceptions.rb:17:in `call'
  web-console (2.2.1) lib/web_console/middleware.rb:39:in `call'
  actionpack (4.2.5) lib/action_dispatch/middleware/show_exceptions.rb:30:in `call'
  railties (4.2.5) lib/rails/rack/logger.rb:38:in `call_app'
  railties (4.2.5) lib/rails/rack/logger.rb:20:in `block in call'
  activesupport (4.2.5) lib/active_support/tagged_logging.rb:68:in `block in tagged'
  activesupport (4.2.5) lib/active_support/tagged_logging.rb:26:in `tagged'
  activesupport (4.2.5) lib/active_support/tagged_logging.rb:68:in `tagged'
  railties (4.2.5) lib/rails/rack/logger.rb:20:in `call'
  actionpack (4.2.5) lib/action_dispatch/middleware/request_id.rb:21:in `call'
  rack (1.6.4) lib/rack/methodoverride.rb:22:in `call'
  rack (1.6.4) lib/rack/runtime.rb:18:in `call'
  activesupport (4.2.5) lib/active_support/cache/strategy/local_cache_middleware.rb:28:in `call'
  rack (1.6.4) lib/rack/lock.rb:17:in `call'
  actionpack (4.2.5) lib/action_dispatch/middleware/static.rb:116:in `call'
  rack (1.6.4) lib/rack/sendfile.rb:113:in `call'
  railties (4.2.5) lib/rails/engine.rb:518:in `call'
  railties (4.2.5) lib/rails/application.rb:165:in `call'
  rack (1.6.4) lib/rack/lock.rb:17:in `call'
  rack (1.6.4) lib/rack/content_length.rb:15:in `call'
  rack (1.6.4) lib/rack/handler/webrick.rb:88:in `service'
  /home/nitya/.rvm/rubies/ruby-2.2.3/lib/ruby/2.2.0/webrick/httpserver.rb:138:in `service'
  /home/nitya/.rvm/rubies/ruby-2.2.3/lib/ruby/2.2.0/webrick/httpserver.rb:94:in `run'
  /home/nitya/.rvm/rubies/ruby-2.2.3/lib/ruby/2.2.0/webrick/server.rb:294:in `block in start_thread'


  Rendered /home/nitya/.rvm/gems/ruby-2.2.3@cm/gems/actionpack-4.2.5/lib/action_dispatch/middleware/templates/rescues/_source.erb (4.7ms)
  Rendered /home/nitya/.rvm/gems/ruby-2.2.3@cm/gems/actionpack-4.2.5/lib/action_dispatch/middleware/templates/rescues/_trace.html.erb (2.1ms)
  Rendered /home/nitya/.rvm/gems/ruby-2.2.3@cm/gems/actionpack-4.2.5/lib/action_dispatch/middleware/templates/rescues/_request_and_response.html.erb (3.6ms)
  Rendered /home/nitya/.rvm/gems/ruby-2.2.3@cm/gems/actionpack-4.2.5/lib/action_dispatch/middleware/templates/rescues/diagnostics.html.erb within rescues/layout (39.5ms)
  Rendered /home/nitya/.rvm/gems/ruby-2.2.3@cm/gems/web-console-2.2.1/lib/web_console/templates/_markup.html.erb (0.4ms)
  Rendered /home/nitya/.rvm/gems/ruby-2.2.3@cm/gems/web-console-2.2.1/lib/web_console/templates/_inner_console_markup.html.erb within layouts/inlined_string (0.5ms)
  Rendered /home/nitya/.rvm/gems/ruby-2.2.3@cm/gems/web-console-2.2.1/lib/web_console/templates/_prompt_box_markup.html.erb within layouts/inlined_string (0.4ms)
  Rendered /home/nitya/.rvm/gems/ruby-2.2.3@cm/gems/web-console-2.2.1/lib/web_console/templates/style.css.erb within layouts/inlined_string (0.3ms)
  Rendered /home/nitya/.rvm/gems/ruby-2.2.3@cm/gems/web-console-2.2.1/lib/web_console/templates/console.js.erb within layouts/javascript (19.7ms)
  Rendered /home/nitya/.rvm/gems/ruby-2.2.3@cm/gems/web-console-2.2.1/lib/web_console/templates/main.js.erb within layouts/javascript (0.2ms)
  Rendered /home/nitya/.rvm/gems/ruby-2.2.3@cm/gems/web-console-2.2.1/lib/web_console/templates/error_page.js.erb within layouts/javascript (0.5ms)
  Rendered /home/nitya/.rvm/gems/ruby-2.2.3@cm/gems/web-console-2.2.1/lib/web_console/templates/index.html.erb (45.4ms)


Started GET "/" for 127.0.0.1 at 2016-01-17 11:57:10 +0530
Processing by Rails::WelcomeController#index as HTML
  Rendered /home/nitya/.rvm/gems/ruby-2.2.3@cm/gems/railties-4.2.5/lib/rails/templates/rails/welcome/index.html.erb (2.0ms)
Completed 200 OK in 35ms (Views: 23.3ms | ActiveRecord: 0.0ms)
  [1m[36m (479.6ms)[0m  [1mCREATE TABLE `schema_migrations` (`version` varchar(255) NOT NULL) ENGINE=InnoDB[0m
  [1m[35m (566.3ms)[0m  CREATE UNIQUE INDEX `unique_schema_migrations`  ON `schema_migrations` (`version`) 
  [1m[36mActiveRecord::SchemaMigration Load (27.6ms)[0m  [1mSELECT `schema_migrations`.* FROM `schema_migrations`[0m
Migrating to CreateOrganizations (20160117072949)
  [1m[35m (171.2ms)[0m  CREATE TABLE `organizations` (`id` int(11) auto_increment PRIMARY KEY, `name` varchar(255), `public_name` varchar(255), `type` varchar(10), `pricing_policy` varchar(10), `created_at` datetime NOT NULL, `updated_at` datetime NOT NULL) ENGINE=InnoDB
  [1m[36m (0.2ms)[0m  [1mBEGIN[0m
  [1m[35mSQL (24.7ms)[0m  INSERT INTO `schema_migrations` (`version`) VALUES ('20160117072949')
  [1m[36m (49.2ms)[0m  [1mCOMMIT[0m
  [1m[35mActiveRecord::SchemaMigration Load (0.4ms)[0m  SELECT `schema_migrations`.* FROM `schema_migrations`
  [1m[36m (10.3ms)[0m  [1mSELECT fk.referenced_table_name as 'to_table'
      ,fk.referenced_column_name as 'primary_key'
      ,fk.column_name as 'column'
      ,fk.constraint_name as 'name'
FROM information_schema.key_column_usage fk
WHERE fk.referenced_column_name is not null
  AND fk.table_schema = 'car_model_development'
  AND fk.table_name = 'organizations'
[0m
  [1m[35m (0.4ms)[0m  SHOW CREATE TABLE `organizations`


Started GET "/organizations" for 127.0.0.1 at 2016-01-17 13:02:40 +0530
  [1m[36mActiveRecord::SchemaMigration Load (0.2ms)[0m  [1mSELECT `schema_migrations`.* FROM `schema_migrations`[0m
Processing by OrganizationsController#index as HTML
  [1m[35mOrganization Load (28.9ms)[0m  SELECT `organizations`.* FROM `organizations`
  Rendered organizations/index.html.erb within layouts/application (113.2ms)
Completed 200 OK in 1375ms (Views: 1263.0ms | ActiveRecord: 110.1ms)


Started GET "/assets/organizations.self-e3b0c44298fc1c149afbf4c8996fb92427ae41e4649b934ca495991b7852b855.css?body=1" for 127.0.0.1 at 2016-01-17 13:02:42 +0530


Started GET "/assets/scaffolds.self-eaeecb9c73915ebdc1026ef411f17e7519e12c4d7e87d081e41d3cd4285ff7b2.css?body=1" for 127.0.0.1 at 2016-01-17 13:02:42 +0530


Started GET "/assets/jquery_ujs.self-d602bdfe68ffc63b9f9cc512872aa3cfff046228a0a36e90dd476e8ef54c1b09.js?body=1" for 127.0.0.1 at 2016-01-17 13:02:42 +0530


Started GET "/assets/application.self-e80e8f2318043e8af94dddc2adad5a4f09739a8ebb323b3ab31cd71d45fd9113.css?body=1" for 127.0.0.1 at 2016-01-17 13:02:42 +0530


Started GET "/assets/jquery.self-c64a74367bda6ef8b860f19e74df08927ca99d2be2ac934e9e92d5fd361e0da4.js?body=1" for 127.0.0.1 at 2016-01-17 13:02:42 +0530


Started GET "/assets/turbolinks.self-c37727e9bd6b2735da5c311aa83fead54ed0be6cc8bd9a65309e9c5abe2cbfff.js?body=1" for 127.0.0.1 at 2016-01-17 13:02:42 +0530


Started GET "/assets/organizations.self-877aef30ae1b040ab8a3aba4e3e309a11d7f2612f44dde450b5c157aa5f95c05.js?body=1" for 127.0.0.1 at 2016-01-17 13:02:42 +0530


Started GET "/assets/application.self-3b8dabdc891efe46b9a144b400ad69e37d7e5876bdc39dee783419a69d7ca819.js?body=1" for 127.0.0.1 at 2016-01-17 13:02:42 +0530


Started GET "/organizations/new" for 127.0.0.1 at 2016-01-17 13:02:47 +0530
Processing by OrganizationsController#new as HTML
  Rendered organizations/_form.html.erb (102.3ms)
  Rendered organizations/new.html.erb within layouts/application (105.3ms)
Completed 200 OK in 128ms (Views: 117.9ms | ActiveRecord: 0.9ms)


Started POST "/organizations" for 127.0.0.1 at 2016-01-17 13:03:40 +0530
Processing by OrganizationsController#create as HTML
  Parameters: {"utf8"=>"✓", "authenticity_token"=>"m7pu8G9W28xQRgZgF10cc3YoxRviop3nNCapbZSTL02HzzSTedfX/dybwNjh9vEJlms0llC2/IFcdYpe0bPpmQ==", "organization"=>{"name"=>"nandi", "public_name"=>"Nandi Toyota", "type"=>"Show Room", "pricing_policy"=>"Fixed"}, "commit"=>"Create Organization"}
Completed 500 Internal Server Error in 2ms (ActiveRecord: 0.0ms)

ActiveRecord::SubclassNotFound (Invalid single-table inheritance type: Show Room is not a subclass of Organization):
  app/controllers/organizations_controller.rb:27:in `create'


  Rendered /home/nitya/.rvm/gems/ruby-2.2.3@cm/gems/actionpack-4.2.5/lib/action_dispatch/middleware/templates/rescues/_source.erb (7.0ms)
  Rendered /home/nitya/.rvm/gems/ruby-2.2.3@cm/gems/actionpack-4.2.5/lib/action_dispatch/middleware/templates/rescues/_trace.html.erb (5.3ms)
  Rendered /home/nitya/.rvm/gems/ruby-2.2.3@cm/gems/actionpack-4.2.5/lib/action_dispatch/middleware/templates/rescues/_request_and_response.html.erb (1.4ms)
  Rendered /home/nitya/.rvm/gems/ruby-2.2.3@cm/gems/actionpack-4.2.5/lib/action_dispatch/middleware/templates/rescues/diagnostics.html.erb within rescues/layout (25.5ms)
  Rendered /home/nitya/.rvm/gems/ruby-2.2.3@cm/gems/web-console-2.2.1/lib/web_console/templates/_markup.html.erb (0.3ms)
  Rendered /home/nitya/.rvm/gems/ruby-2.2.3@cm/gems/web-console-2.2.1/lib/web_console/templates/_inner_console_markup.html.erb within layouts/inlined_string (0.3ms)
  Rendered /home/nitya/.rvm/gems/ruby-2.2.3@cm/gems/web-console-2.2.1/lib/web_console/templates/_prompt_box_markup.html.erb within layouts/inlined_string (0.8ms)
  Rendered /home/nitya/.rvm/gems/ruby-2.2.3@cm/gems/web-console-2.2.1/lib/web_console/templates/style.css.erb within layouts/inlined_string (0.2ms)
  Rendered /home/nitya/.rvm/gems/ruby-2.2.3@cm/gems/web-console-2.2.1/lib/web_console/templates/console.js.erb within layouts/javascript (14.2ms)
  Rendered /home/nitya/.rvm/gems/ruby-2.2.3@cm/gems/web-console-2.2.1/lib/web_console/templates/main.js.erb within layouts/javascript (0.2ms)
  Rendered /home/nitya/.rvm/gems/ruby-2.2.3@cm/gems/web-console-2.2.1/lib/web_console/templates/error_page.js.erb within layouts/javascript (0.6ms)
  Rendered /home/nitya/.rvm/gems/ruby-2.2.3@cm/gems/web-console-2.2.1/lib/web_console/templates/index.html.erb (27.5ms)
  [1m[36mActiveRecord::SchemaMigration Load (0.2ms)[0m  [1mSELECT `schema_migrations`.* FROM `schema_migrations`[0m
  [1m[35mActiveRecord::SchemaMigration Load (0.2ms)[0m  SELECT `schema_migrations`.* FROM `schema_migrations`
Migrating to CreateOrganizations (20160117072949)
  [1m[36m (77.7ms)[0m  [1mDROP TABLE `organizations`[0m
  [1m[35mSQL (77.3ms)[0m  DELETE FROM `schema_migrations` WHERE `schema_migrations`.`version` = '20160117072949'
  [1m[36mActiveRecord::SchemaMigration Load (0.3ms)[0m  [1mSELECT `schema_migrations`.* FROM `schema_migrations`[0m
  [1m[36mActiveRecord::SchemaMigration Load (0.2ms)[0m  [1mSELECT `schema_migrations`.* FROM `schema_migrations`[0m
Migrating to CreateOrganizations (20160117072949)
  [1m[35m (204.9ms)[0m  CREATE TABLE `organizations` (`id` int(11) auto_increment PRIMARY KEY, `name` varchar(255), `public_name` varchar(255), `org_type` varchar(10), `pricing_policy` varchar(10), `created_at` datetime NOT NULL, `updated_at` datetime NOT NULL) ENGINE=InnoDB
  [1m[36m (0.3ms)[0m  [1mBEGIN[0m
  [1m[35mSQL (7.3ms)[0m  INSERT INTO `schema_migrations` (`version`) VALUES ('20160117072949')
  [1m[36m (54.4ms)[0m  [1mCOMMIT[0m
  [1m[35mActiveRecord::SchemaMigration Load (0.2ms)[0m  SELECT `schema_migrations`.* FROM `schema_migrations`
  [1m[36m (14.4ms)[0m  [1mSELECT fk.referenced_table_name as 'to_table'
      ,fk.referenced_column_name as 'primary_key'
      ,fk.column_name as 'column'
      ,fk.constraint_name as 'name'
FROM information_schema.key_column_usage fk
WHERE fk.referenced_column_name is not null
  AND fk.table_schema = 'car_model_development'
  AND fk.table_name = 'organizations'
[0m
  [1m[35m (0.2ms)[0m  SHOW CREATE TABLE `organizations`


Started GET "/organizations" for 127.0.0.1 at 2016-01-17 13:07:12 +0530
  [1m[36mActiveRecord::SchemaMigration Load (0.1ms)[0m  [1mSELECT `schema_migrations`.* FROM `schema_migrations`[0m
Processing by OrganizationsController#index as HTML
  [1m[35mOrganization Load (0.2ms)[0m  SELECT `organizations`.* FROM `organizations`
  Rendered organizations/index.html.erb within layouts/application (1.5ms)
Completed 200 OK in 15ms (Views: 12.6ms | ActiveRecord: 0.6ms)


Started GET "/organizations/new" for 127.0.0.1 at 2016-01-17 13:07:14 +0530
Processing by OrganizationsController#new as HTML
  Rendered organizations/_form.html.erb (2.7ms)
  Rendered organizations/new.html.erb within layouts/application (3.3ms)
Completed 500 Internal Server Error in 13ms (ActiveRecord: 0.7ms)

ActionView::Template::Error (undefined method `type' for #<Organization:0x007fdde80a3340>):
    21:   </div>
    22:   <div class="field">
    23:     <%= f.label :type %><br>
    24:     <%= f.text_field :type %>
    25:   </div>
    26:   <div class="field">
    27:     <%= f.label :pricing_policy %><br>
  app/views/organizations/_form.html.erb:24:in `block in _app_views_organizations__form_html_erb___505193911704621666_70295529061980'
  app/views/organizations/_form.html.erb:1:in `_app_views_organizations__form_html_erb___505193911704621666_70295529061980'
  app/views/organizations/new.html.erb:3:in `_app_views_organizations_new_html_erb___4501400711471195050_70295528909220'


  Rendered /home/nitya/.rvm/gems/ruby-2.2.3@cm/gems/actionpack-4.2.5/lib/action_dispatch/middleware/templates/rescues/_source.erb (7.5ms)
  Rendered /home/nitya/.rvm/gems/ruby-2.2.3@cm/gems/actionpack-4.2.5/lib/action_dispatch/middleware/templates/rescues/_trace.html.erb (9.5ms)
  Rendered /home/nitya/.rvm/gems/ruby-2.2.3@cm/gems/actionpack-4.2.5/lib/action_dispatch/middleware/templates/rescues/_request_and_response.html.erb (0.7ms)
  Rendered /home/nitya/.rvm/gems/ruby-2.2.3@cm/gems/actionpack-4.2.5/lib/action_dispatch/middleware/templates/rescues/template_error.html.erb within rescues/layout (28.0ms)
  Rendered /home/nitya/.rvm/gems/ruby-2.2.3@cm/gems/web-console-2.2.1/lib/web_console/templates/_markup.html.erb (0.2ms)
  Rendered /home/nitya/.rvm/gems/ruby-2.2.3@cm/gems/web-console-2.2.1/lib/web_console/templates/_inner_console_markup.html.erb within layouts/inlined_string (0.3ms)
  Rendered /home/nitya/.rvm/gems/ruby-2.2.3@cm/gems/web-console-2.2.1/lib/web_console/templates/_prompt_box_markup.html.erb within layouts/inlined_string (0.2ms)
  Rendered /home/nitya/.rvm/gems/ruby-2.2.3@cm/gems/web-console-2.2.1/lib/web_console/templates/style.css.erb within layouts/inlined_string (0.2ms)
  Rendered /home/nitya/.rvm/gems/ruby-2.2.3@cm/gems/web-console-2.2.1/lib/web_console/templates/console.js.erb within layouts/javascript (11.6ms)
  Rendered /home/nitya/.rvm/gems/ruby-2.2.3@cm/gems/web-console-2.2.1/lib/web_console/templates/main.js.erb within layouts/javascript (0.2ms)
  Rendered /home/nitya/.rvm/gems/ruby-2.2.3@cm/gems/web-console-2.2.1/lib/web_console/templates/error_page.js.erb within layouts/javascript (0.2ms)
  Rendered /home/nitya/.rvm/gems/ruby-2.2.3@cm/gems/web-console-2.2.1/lib/web_console/templates/index.html.erb (22.9ms)


Started GET "/organizations/new" for 127.0.0.1 at 2016-01-17 13:07:14 +0530
Processing by OrganizationsController#new as HTML
  Rendered organizations/_form.html.erb (3.9ms)
  Rendered organizations/new.html.erb within layouts/application (5.2ms)
Completed 500 Internal Server Error in 8ms (ActiveRecord: 0.0ms)

ActionView::Template::Error (undefined method `type' for #<Organization:0x007fde00d1ae80>):
    21:   </div>
    22:   <div class="field">
    23:     <%= f.label :type %><br>
    24:     <%= f.text_field :type %>
    25:   </div>
    26:   <div class="field">
    27:     <%= f.label :pricing_policy %><br>
  app/views/organizations/_form.html.erb:24:in `block in _app_views_organizations__form_html_erb___505193911704621666_70295736507760'
  app/views/organizations/_form.html.erb:1:in `_app_views_organizations__form_html_erb___505193911704621666_70295736507760'
  app/views/organizations/new.html.erb:3:in `_app_views_organizations_new_html_erb___4501400711471195050_70295736601300'


  Rendered /home/nitya/.rvm/gems/ruby-2.2.3@cm/gems/actionpack-4.2.5/lib/action_dispatch/middleware/templates/rescues/_source.erb (6.4ms)
  Rendered /home/nitya/.rvm/gems/ruby-2.2.3@cm/gems/actionpack-4.2.5/lib/action_dispatch/middleware/templates/rescues/_trace.html.erb (2.3ms)
  Rendered /home/nitya/.rvm/gems/ruby-2.2.3@cm/gems/actionpack-4.2.5/lib/action_dispatch/middleware/templates/rescues/_request_and_response.html.erb (0.6ms)
  Rendered /home/nitya/.rvm/gems/ruby-2.2.3@cm/gems/actionpack-4.2.5/lib/action_dispatch/middleware/templates/rescues/template_error.html.erb within rescues/layout (19.4ms)
  Rendered /home/nitya/.rvm/gems/ruby-2.2.3@cm/gems/web-console-2.2.1/lib/web_console/templates/_markup.html.erb (0.2ms)
  Rendered /home/nitya/.rvm/gems/ruby-2.2.3@cm/gems/web-console-2.2.1/lib/web_console/templates/_inner_console_markup.html.erb within layouts/inlined_string (0.2ms)
  Rendered /home/nitya/.rvm/gems/ruby-2.2.3@cm/gems/web-console-2.2.1/lib/web_console/templates/_prompt_box_markup.html.erb within layouts/inlined_string (0.3ms)
  Rendered /home/nitya/.rvm/gems/ruby-2.2.3@cm/gems/web-console-2.2.1/lib/web_console/templates/style.css.erb within layouts/inlined_string (0.8ms)
  Rendered /home/nitya/.rvm/gems/ruby-2.2.3@cm/gems/web-console-2.2.1/lib/web_console/templates/console.js.erb within layouts/javascript (13.2ms)
  Rendered /home/nitya/.rvm/gems/ruby-2.2.3@cm/gems/web-console-2.2.1/lib/web_console/templates/main.js.erb within layouts/javascript (0.5ms)
  Rendered /home/nitya/.rvm/gems/ruby-2.2.3@cm/gems/web-console-2.2.1/lib/web_console/templates/error_page.js.erb within layouts/javascript (0.2ms)
  Rendered /home/nitya/.rvm/gems/ruby-2.2.3@cm/gems/web-console-2.2.1/lib/web_console/templates/index.html.erb (30.4ms)


Started GET "/organizations/new" for 127.0.0.1 at 2016-01-17 13:07:41 +0530
Processing by OrganizationsController#new as HTML
  Rendered organizations/_form.html.erb (3.0ms)
  Rendered organizations/new.html.erb within layouts/application (3.8ms)
Completed 200 OK in 16ms (Views: 15.0ms | ActiveRecord: 0.0ms)


Started POST "/organizations" for 127.0.0.1 at 2016-01-17 13:08:00 +0530
Processing by OrganizationsController#create as HTML
  Parameters: {"utf8"=>"✓", "authenticity_token"=>"Qlr2NS9cFrj8rNuSzoYq+K1MTEt2ODPkmQXQ0kmVX8leL6xWOd0aiXBxHSo4LceCTQ+9xsQsUoLxVvPhDLWZHQ==", "organization"=>{"name"=>"nandi", "public_name"=>"Nandi Toyota", "org_type"=>"Show Room", "pricing_policy"=>"F"}, "commit"=>"Create Organization"}
Unpermitted parameter: org_type
  [1m[36m (0.2ms)[0m  [1mBEGIN[0m
  [1m[35mSQL (188.0ms)[0m  INSERT INTO `organizations` (`name`, `public_name`, `pricing_policy`, `created_at`, `updated_at`) VALUES ('nandi', 'Nandi Toyota', 'F', '2016-01-17 07:38:00', '2016-01-17 07:38:00')
  [1m[36m (90.9ms)[0m  [1mCOMMIT[0m
Redirected to http://dev.readypulse.com:3000/organizations/1
Completed 302 Found in 285ms (ActiveRecord: 279.1ms)


Started GET "/organizations/1" for 127.0.0.1 at 2016-01-17 13:08:01 +0530
Processing by OrganizationsController#show as HTML
  Parameters: {"id"=>"1"}
  [1m[35mOrganization Load (14.6ms)[0m  SELECT  `organizations`.* FROM `organizations` WHERE `organizations`.`id` = 1 LIMIT 1
  Rendered organizations/show.html.erb within layouts/application (5.7ms)
Completed 500 Internal Server Error in 40ms (ActiveRecord: 14.6ms)

ActionView::Template::Error (undefined method `type' for #<Organization:0x007fde009b9d18>):
    12: 
    13: <p>
    14:   <strong>Type:</strong>
    15:   <%= @organization.type %>
    16: </p>
    17: 
    18: <p>
  app/views/organizations/show.html.erb:15:in `_app_views_organizations_show_html_erb___2126639446422545287_70295734829520'


  Rendered /home/nitya/.rvm/gems/ruby-2.2.3@cm/gems/actionpack-4.2.5/lib/action_dispatch/middleware/templates/rescues/_source.erb (5.3ms)
  Rendered /home/nitya/.rvm/gems/ruby-2.2.3@cm/gems/actionpack-4.2.5/lib/action_dispatch/middleware/templates/rescues/_trace.html.erb (2.6ms)
  Rendered /home/nitya/.rvm/gems/ruby-2.2.3@cm/gems/actionpack-4.2.5/lib/action_dispatch/middleware/templates/rescues/_request_and_response.html.erb (0.8ms)
  Rendered /home/nitya/.rvm/gems/ruby-2.2.3@cm/gems/actionpack-4.2.5/lib/action_dispatch/middleware/templates/rescues/template_error.html.erb within rescues/layout (19.1ms)
  Rendered /home/nitya/.rvm/gems/ruby-2.2.3@cm/gems/web-console-2.2.1/lib/web_console/templates/_markup.html.erb (0.2ms)
  Rendered /home/nitya/.rvm/gems/ruby-2.2.3@cm/gems/web-console-2.2.1/lib/web_console/templates/_inner_console_markup.html.erb within layouts/inlined_string (0.2ms)
  Rendered /home/nitya/.rvm/gems/ruby-2.2.3@cm/gems/web-console-2.2.1/lib/web_console/templates/_prompt_box_markup.html.erb within layouts/inlined_string (0.2ms)
  Rendered /home/nitya/.rvm/gems/ruby-2.2.3@cm/gems/web-console-2.2.1/lib/web_console/templates/style.css.erb within layouts/inlined_string (0.2ms)
  Rendered /home/nitya/.rvm/gems/ruby-2.2.3@cm/gems/web-console-2.2.1/lib/web_console/templates/console.js.erb within layouts/javascript (10.9ms)
  Rendered /home/nitya/.rvm/gems/ruby-2.2.3@cm/gems/web-console-2.2.1/lib/web_console/templates/main.js.erb within layouts/javascript (0.2ms)
  Rendered /home/nitya/.rvm/gems/ruby-2.2.3@cm/gems/web-console-2.2.1/lib/web_console/templates/error_page.js.erb within layouts/javascript (0.4ms)
  Rendered /home/nitya/.rvm/gems/ruby-2.2.3@cm/gems/web-console-2.2.1/lib/web_console/templates/index.html.erb (22.9ms)


Started GET "/organizations/1" for 127.0.0.1 at 2016-01-17 13:08:17 +0530
Processing by OrganizationsController#show as HTML
  Parameters: {"id"=>"1"}
  [1m[36mOrganization Load (0.2ms)[0m  [1mSELECT  `organizations`.* FROM `organizations` WHERE `organizations`.`id` = 1 LIMIT 1[0m
  Rendered organizations/show.html.erb within layouts/application (0.7ms)
Completed 200 OK in 12ms (Views: 11.1ms | ActiveRecord: 0.2ms)


Started GET "/organizations" for 127.0.0.1 at 2016-01-17 13:08:33 +0530
Processing by OrganizationsController#index as HTML
  [1m[35mOrganization Load (38.8ms)[0m  SELECT `organizations`.* FROM `organizations`
  Rendered organizations/index.html.erb within layouts/application (40.4ms)
Completed 200 OK in 54ms (Views: 13.9ms | ActiveRecord: 38.8ms)


Started GET "/organizations/1/edit" for 127.0.0.1 at 2016-01-17 13:09:37 +0530
Processing by OrganizationsController#edit as HTML
  Parameters: {"id"=>"1"}
  [1m[36mOrganization Load (0.2ms)[0m  [1mSELECT  `organizations`.* FROM `organizations` WHERE `organizations`.`id` = 1 LIMIT 1[0m
  Rendered organizations/_form.html.erb (13.5ms)
  Rendered organizations/edit.html.erb within layouts/application (14.5ms)
Completed 200 OK in 26ms (Views: 24.6ms | ActiveRecord: 0.2ms)


Started PATCH "/organizations/1" for 127.0.0.1 at 2016-01-17 13:09:40 +0530
Processing by OrganizationsController#update as HTML
  Parameters: {"utf8"=>"✓", "authenticity_token"=>"ffJ/AncoHi/YeThXpXulSffPo8lS5eezQWgUC09VRWdhhyVhYakSHlSk/u9T0EgzF4xSRODxhtUpOzc4CnWDsw==", "organization"=>{"name"=>"nandi", "public_name"=>"Nandi Toyota", "org_type"=>"", "pricing_policy"=>"Fixed"}, "commit"=>"Update Organization", "id"=>"1"}
  [1m[35mOrganization Load (0.2ms)[0m  SELECT  `organizations`.* FROM `organizations` WHERE `organizations`.`id` = 1 LIMIT 1
Unpermitted parameter: org_type
  [1m[36m (0.2ms)[0m  [1mBEGIN[0m
  [1m[35mSQL (126.9ms)[0m  UPDATE `organizations` SET `pricing_policy` = 'Fixed', `updated_at` = '2016-01-17 07:39:40' WHERE `organizations`.`id` = 1
  [1m[36m (108.6ms)[0m  [1mCOMMIT[0m
Redirected to http://dev.readypulse.com:3000/organizations/1
Completed 302 Found in 241ms (ActiveRecord: 236.0ms)


Started GET "/organizations/1" for 127.0.0.1 at 2016-01-17 13:09:41 +0530
Processing by OrganizationsController#show as HTML
  Parameters: {"id"=>"1"}
  [1m[35mOrganization Load (0.5ms)[0m  SELECT  `organizations`.* FROM `organizations` WHERE `organizations`.`id` = 1 LIMIT 1
  Rendered organizations/show.html.erb within layouts/application (0.4ms)
Completed 200 OK in 17ms (Views: 15.3ms | ActiveRecord: 0.5ms)


Started GET "/organizations/1/edit" for 127.0.0.1 at 2016-01-17 13:09:42 +0530
Processing by OrganizationsController#edit as HTML
  Parameters: {"id"=>"1"}
  [1m[36mOrganization Load (0.1ms)[0m  [1mSELECT  `organizations`.* FROM `organizations` WHERE `organizations`.`id` = 1 LIMIT 1[0m
  Rendered organizations/_form.html.erb (1.7ms)
  Rendered organizations/edit.html.erb within layouts/application (2.5ms)
Completed 200 OK in 14ms (Views: 12.5ms | ActiveRecord: 0.1ms)


Started GET "/organizations" for 127.0.0.1 at 2016-01-17 13:09:43 +0530
Processing by OrganizationsController#index as HTML
  [1m[35mOrganization Load (0.4ms)[0m  SELECT `organizations`.* FROM `organizations`
  Rendered organizations/index.html.erb within layouts/application (1.9ms)
Completed 200 OK in 17ms (Views: 15.4ms | ActiveRecord: 0.4ms)


Started GET "/organizations/1/edit" for 127.0.0.1 at 2016-01-17 13:10:08 +0530
Processing by OrganizationsController#edit as HTML
  Parameters: {"id"=>"1"}
  [1m[36mOrganization Load (0.2ms)[0m  [1mSELECT  `organizations`.* FROM `organizations` WHERE `organizations`.`id` = 1 LIMIT 1[0m
  Rendered organizations/_form.html.erb (2.5ms)
  Rendered organizations/edit.html.erb within layouts/application (3.3ms)
Completed 200 OK in 40ms (Views: 16.9ms | ActiveRecord: 11.7ms)


Started PATCH "/organizations/1" for 127.0.0.1 at 2016-01-17 13:10:12 +0530
Processing by OrganizationsController#update as HTML
  Parameters: {"utf8"=>"✓", "authenticity_token"=>"hidQLBzXFvowxTMkNYuO2mbEAHb/sHeY/uhjwVhZfmGaUgpPClYay7wY9ZzDIGOghofx+02kFv6Wu0DyHXm4tQ==", "organization"=>{"name"=>"nandi", "public_name"=>"Nandi Toyota", "org_type"=>"Show Room", "pricing_policy"=>"Fixed"}, "commit"=>"Update Organization", "id"=>"1"}
  [1m[35mOrganization Load (0.2ms)[0m  SELECT  `organizations`.* FROM `organizations` WHERE `organizations`.`id` = 1 LIMIT 1
  [1m[36m (0.1ms)[0m  [1mBEGIN[0m
  [1m[35mSQL (414.9ms)[0m  UPDATE `organizations` SET `org_type` = 'Show Room', `updated_at` = '2016-01-17 07:40:12' WHERE `organizations`.`id` = 1
  [1m[36m (98.8ms)[0m  [1mCOMMIT[0m
Redirected to http://dev.readypulse.com:3000/organizations/1
Completed 302 Found in 519ms (ActiveRecord: 514.0ms)


Started GET "/organizations/1" for 127.0.0.1 at 2016-01-17 13:10:12 +0530
Processing by OrganizationsController#show as HTML
  Parameters: {"id"=>"1"}
  [1m[35mOrganization Load (0.6ms)[0m  SELECT  `organizations`.* FROM `organizations` WHERE `organizations`.`id` = 1 LIMIT 1
  Rendered organizations/show.html.erb within layouts/application (0.3ms)
Completed 200 OK in 14ms (Views: 11.0ms | ActiveRecord: 0.6ms)


Started GET "/organizations" for 127.0.0.1 at 2016-01-17 13:10:15 +0530
Processing by OrganizationsController#index as HTML
  [1m[36mOrganization Load (0.5ms)[0m  [1mSELECT `organizations`.* FROM `organizations`[0m
  Rendered organizations/index.html.erb within layouts/application (2.4ms)
Completed 200 OK in 15ms (Views: 13.2ms | ActiveRecord: 0.5ms)
